<?xml version="1.0" encoding="UTF-8"?>
<testsuite xmlns:xsi="http://www.w3.org/2001/XMLSchema-instance" xsi:noNamespaceSchemaLocation="https://maven.apache.org/surefire/maven-surefire-plugin/xsd/surefire-test-report-3.0.xsd" version="3.0" name="com.microsservicos.CadastroClienteService.CadastroClienteServiceApplicationTests" time="5.259" tests="1" errors="0" skipped="0" failures="0">
  <properties>
[...]
</properties>
  <testcase name="contextLoads" classname="com.microsservicos.CadastroClienteService.CadastroClienteServiceApplicationTests" time="0.359">
    <system-out><![CDATA[09:45:24.500 [main] INFO org.springframework.test.context.support.AnnotationConfigContextLoaderUtils -- Could not detect default configuration classes for test class [com.microsservicos.CadastroClienteService.CadastroClienteServiceApplicationTests]: CadastroClienteServiceApplicationTests does not declare any static, non-private, non-final, nested classes annotated with @Configuration.
09:45:24.571 [main] INFO org.springframework.boot.test.context.SpringBootTestContextBootstrapper -- Found @SpringBootConfiguration com.microsservicos.CadastroClienteService.CadastroClienteServiceApplication for test class com.microsservicos.CadastroClienteService.CadastroClienteServiceApplicationTests
09:45:24.667 [main] INFO org.springframework.boot.devtools.restart.RestartApplicationListener -- Restart disabled due to context in which it is running

  .   ____          _            __ _ _
 /\\ / ___'_ __ _ _(_)_ __  __ _ \ \ \ \
( ( )\___ | '_ | '_| | '_ \/ _` | \ \ \ \
 \\/  ___)| |_)| | | | | || (_| |  ) ) ) )
  '  |____| .__|_| |_|_| |_\__, | / / / /
 =========|_|==============|___/=/_/_/_/

 :: Spring Boot ::                (v3.3.2)

2025-07-09T09:45:24.878-03:00  INFO 12488 --- [Cliente] [           main] C.CadastroClienteServiceApplicationTests : Starting CadastroClienteServiceApplicationTests using Java 23.0.2 with PID 12488 (started by Aluno in C:\Users\Aluno\Documents\ProjetoFinalTCS\Microservicos\CadastroClienteService)
2025-07-09T09:45:24.879-03:00  INFO 12488 --- [Cliente] [           main] C.CadastroClienteServiceApplicationTests : No active profile set, falling back to 1 default profile: "default"
2025-07-09T09:45:25.512-03:00  INFO 12488 --- [Cliente] [           main] .s.d.r.c.RepositoryConfigurationDelegate : Bootstrapping Spring Data JPA repositories in DEFAULT mode.
2025-07-09T09:45:25.599-03:00  INFO 12488 --- [Cliente] [           main] .s.d.r.c.RepositoryConfigurationDelegate : Finished Spring Data repository scanning in 79 ms. Found 1 JPA repository interface.
2025-07-09T09:45:25.791-03:00  INFO 12488 --- [Cliente] [           main] o.s.cloud.context.scope.GenericScope     : BeanFactory id=c544be7a-58ef-31b3-a295-0603e78830cb
2025-07-09T09:45:26.129-03:00  INFO 12488 --- [Cliente] [           main] o.hibernate.jpa.internal.util.LogHelper  : HHH000204: Processing PersistenceUnitInfo [name: default]
2025-07-09T09:45:26.165-03:00  INFO 12488 --- [Cliente] [           main] org.hibernate.Version                    : HHH000412: Hibernate ORM core version 6.5.2.Final
2025-07-09T09:45:26.189-03:00  INFO 12488 --- [Cliente] [           main] o.h.c.internal.RegionFactoryInitiator    : HHH000026: Second-level cache disabled
2025-07-09T09:45:26.410-03:00  INFO 12488 --- [Cliente] [           main] o.s.o.j.p.SpringPersistenceUnitInfo      : No LoadTimeWeaver setup: ignoring JPA class transformer
2025-07-09T09:45:26.427-03:00  INFO 12488 --- [Cliente] [           main] com.zaxxer.hikari.HikariDataSource       : HikariPool-1 - Starting...
2025-07-09T09:45:26.659-03:00  INFO 12488 --- [Cliente] [           main] com.zaxxer.hikari.pool.HikariPool        : HikariPool-1 - Added connection ConnectionID:1 ClientConnectionId: dd37b03c-61f9-434f-94a7-022047c5da42
2025-07-09T09:45:26.660-03:00  INFO 12488 --- [Cliente] [           main] com.zaxxer.hikari.HikariDataSource       : HikariPool-1 - Start completed.
2025-07-09T09:45:26.677-03:00  WARN 12488 --- [Cliente] [           main] org.hibernate.orm.deprecation            : HHH90000025: SQLServerDialect does not need to be specified explicitly using 'hibernate.dialect' (remove the property setting and it will be selected by default)
2025-07-09T09:45:27.157-03:00  INFO 12488 --- [Cliente] [           main] o.h.e.t.j.p.i.JtaPlatformInitiator       : HHH000489: No JTA platform available (set 'hibernate.transaction.jta.platform' to enable JTA platform integration)
Hibernate: alter table cliente add reset_password_token varchar(255)
Hibernate: alter table cliente add reset_password_token_expiry datetime2(6)
Hibernate: drop index cliente.uk_agencia_conta
Hibernate: create unique nonclustered index uk_agencia_conta on cliente (agencia, conta) where agencia is not null and conta is not null
2025-07-09T09:45:27.724-03:00  INFO 12488 --- [Cliente] [           main] j.LocalContainerEntityManagerFactoryBean : Initialized JPA EntityManagerFactory for persistence unit 'default'
2025-07-09T09:45:28.149-03:00  WARN 12488 --- [Cliente] [           main] JpaBaseConfiguration$JpaWebConfiguration : spring.jpa.open-in-view is enabled by default. Therefore, database queries may be performed during view rendering. Explicitly configure spring.jpa.open-in-view to disable this warning
2025-07-09T09:45:28.209-03:00  WARN 12488 --- [Cliente] [           main] .s.s.UserDetailsServiceAutoConfiguration : 

Using generated security password: ef2f7312-a2be-4def-8242-7221d30557ef

This generated password is for development use only. Your security configuration must be updated before running your application in production.

2025-07-09T09:45:28.217-03:00  INFO 12488 --- [Cliente] [           main] r$InitializeUserDetailsManagerConfigurer : Global AuthenticationManager configured with UserDetailsService bean with name inMemoryUserDetailsManager
2025-07-09T09:45:28.893-03:00  INFO 12488 --- [Cliente] [           main] DiscoveryClientOptionalArgsConfiguration : Eureka HTTP Client uses RestTemplate.
2025-07-09T09:45:28.939-03:00  WARN 12488 --- [Cliente] [           main] iguration$LoadBalancerCaffeineWarnLogger : Spring Cloud LoadBalancer is currently working with the default cache. While this cache implementation is useful for development and tests, it's recommended to use Caffeine cache in production.You can switch to using Caffeine cache, by adding it and org.springframework.cache.caffeine.CaffeineCacheManager to the classpath.
2025-07-09T09:45:28.974-03:00  INFO 12488 --- [Cliente] [           main] o.s.c.n.eureka.InstanceInfoFactory       : Setting initial instance status as: STARTING
2025-07-09T09:45:28.993-03:00  INFO 12488 --- [Cliente] [           main] com.netflix.discovery.DiscoveryClient    : Initializing Eureka in region us-east-1
2025-07-09T09:45:28.995-03:00  INFO 12488 --- [Cliente] [           main] c.n.d.s.r.aws.ConfigClusterResolver      : Resolving eureka endpoints via configuration
2025-07-09T09:45:29.004-03:00  INFO 12488 --- [Cliente] [           main] com.netflix.discovery.DiscoveryClient    : Disable delta property : false
2025-07-09T09:45:29.004-03:00  INFO 12488 --- [Cliente] [           main] com.netflix.discovery.DiscoveryClient    : Single vip registry refresh property : null
2025-07-09T09:45:29.005-03:00  INFO 12488 --- [Cliente] [           main] com.netflix.discovery.DiscoveryClient    : Force full registry fetch : false
2025-07-09T09:45:29.005-03:00  INFO 12488 --- [Cliente] [           main] com.netflix.discovery.DiscoveryClient    : Application is null : false
2025-07-09T09:45:29.005-03:00  INFO 12488 --- [Cliente] [           main] com.netflix.discovery.DiscoveryClient    : Registered Applications size is zero : true
2025-07-09T09:45:29.005-03:00  INFO 12488 --- [Cliente] [           main] com.netflix.discovery.DiscoveryClient    : Application version is -1: true
2025-07-09T09:45:29.005-03:00  INFO 12488 --- [Cliente] [           main] com.netflix.discovery.DiscoveryClient    : Getting all instance registry info from the eureka server
2025-07-09T09:45:29.263-03:00  INFO 12488 --- [Cliente] [           main] com.netflix.discovery.DiscoveryClient    : The response status is 200
2025-07-09T09:45:29.265-03:00  INFO 12488 --- [Cliente] [           main] com.netflix.discovery.DiscoveryClient    : Starting heartbeat executor: renew interval is: 30
2025-07-09T09:45:29.277-03:00  INFO 12488 --- [Cliente] [           main] c.n.discovery.InstanceInfoReplicator     : InstanceInfoReplicator onDemand update allowed rate per min is 4
2025-07-09T09:45:29.278-03:00  INFO 12488 --- [Cliente] [           main] com.netflix.discovery.DiscoveryClient    : Discovery Client initialized at timestamp 1752065129278 with initial instances count: 6
2025-07-09T09:45:29.281-03:00  INFO 12488 --- [Cliente] [           main] o.s.c.n.e.s.EurekaServiceRegistry        : Registering application CLIENTE with eureka with status UP
2025-07-09T09:45:29.281-03:00  INFO 12488 --- [Cliente] [           main] com.netflix.discovery.DiscoveryClient    : Saw local status change event StatusChangeEvent [timestamp=1752065129281, current=UP, previous=STARTING]
2025-07-09T09:45:29.282-03:00  INFO 12488 --- [Cliente] [foReplicator-%d] com.netflix.discovery.DiscoveryClient    : DiscoveryClient_CLIENTE/CCHLDN27LABM35:Cliente:8086: registering service...
2025-07-09T09:45:29.289-03:00  INFO 12488 --- [Cliente] [           main] C.CadastroClienteServiceApplicationTests : Started CadastroClienteServiceApplicationTests in 4.631 seconds (process running for 5.255)
2025-07-09T09:45:29.314-03:00  INFO 12488 --- [Cliente] [foReplicator-%d] com.netflix.discovery.DiscoveryClient    : DiscoveryClient_CLIENTE/CCHLDN27LABM35:Cliente:8086 - registration status: 204
]]></system-out>
    <system-err><![CDATA[WARNING: A Java agent has been loaded dynamically (C:\Users\Aluno\.m2\repository\net\bytebuddy\byte-buddy-agent\1.14.18\byte-buddy-agent-1.14.18.jar)
WARNING: If a serviceability tool is in use, please run with -XX:+EnableDynamicAgentLoading to hide this warning
WARNING: If a serviceability tool is not in use, please run with -Djdk.instrument.traceUsage for more information
WARNING: Dynamic loading of agents will be disallowed by default in a future release
]]></system-err>
  </testcase>
</testsuite>